1: Make the loading the same as katura                                            || Completed
2: remove all color codes                                                         || Completed
3: copy attack menu from katura                                                   || Task No Longer In Use!
4: copy katura banner for zachs replacement                                       || Task No Longer In Use!
5: add methods UDP, TCP, STD, JUNK, COMBO, LYNX                                   || Completed
6: fix defined STD packetsize and add PacketSize into methods                     || Completed
7: create custom  ANSII colors for (orange) and (purple)                          || Completed
8: work on STD Strings
9: Test new methods and log errors + output
10: make new banners, finish menus inside of arceus
11: fix STD Strings (testing)
12: implement methods based over IP Header Modifications (Ampliifcations)
13: Work on bot stabability
14: add new sections for seperate methods
15: fix stress menu (add suggested options)
16: Add ARM Payload to client                                                     || Completed
17: Add MIPS Payload to client                                                    || Completed     
18: Add x86 Payload to Client                                                     || Completed
19: Add MIPSEL Payload to Client                                                  || Completed                     
20: Finish the Arceus Autosetup
21: Fix System Detection void >
22: Create new menu banners for main menu and alternative menus (testing)
23: Fix info section ( User information is pushing out the menu (font))
24: Comment Everything inside of the C2
25: Test Method (CNC)
26: Test Method (ACK)
27: Test Method (CRASH)
28: Test Method (HEX)
29: Test Method (HOLD)
30: Test Method (HOME)
31: Test Method (LYNX)
32: Test Method (RAID)
33: Test Method (SMITE)
34: Test Method (UNKNOWN)
35: Test Method (VSE)
36: 
